/lustre/orion/stf019/proj-shared/Ahmad-Darshan/driverpayloadmethod/darshan_archival_storage_app_cmdline.py:34: SettingWithCopyWarning: 
A value is trying to be set on a copy of a slice from a DataFrame.
Try using .loc[row_indexer,col_indexer] = value instead

See the caveats in the documentation: https://pandas.pydata.org/pandas-docs/stable/user_guide/indexing.html#returning-a-view-versus-a-copy
  df_total[col_name] = df_total[col_name].astype('str').apply(md5_hash)
/lustre/orion/stf019/proj-shared/Ahmad-Darshan/driverpayloadmethod/darshan_archival_storage_app_cmdline.py:34: SettingWithCopyWarning: 
A value is trying to be set on a copy of a slice from a DataFrame.
Try using .loc[row_indexer,col_indexer] = value instead

See the caveats in the documentation: https://pandas.pydata.org/pandas-docs/stable/user_guide/indexing.html#returning-a-view-versus-a-copy
  df_total[col_name] = df_total[col_name].astype('str').apply(md5_hash)
/lustre/orion/stf019/proj-shared/Ahmad-Darshan/driverpayloadmethod/darshan_archival_storage_app_cmdline.py:34: SettingWithCopyWarning: 
A value is trying to be set on a copy of a slice from a DataFrame.
Try using .loc[row_indexer,col_indexer] = value instead

See the caveats in the documentation: https://pandas.pydata.org/pandas-docs/stable/user_guide/indexing.html#returning-a-view-versus-a-copy
  df_total[col_name] = df_total[col_name].astype('str').apply(md5_hash)
/lustre/orion/stf019/proj-shared/Ahmad-Darshan/driverpayloadmethod/darshan_archival_storage_app_cmdline.py:34: SettingWithCopyWarning: 
A value is trying to be set on a copy of a slice from a DataFrame.
Try using .loc[row_indexer,col_indexer] = value instead

See the caveats in the documentation: https://pandas.pydata.org/pandas-docs/stable/user_guide/indexing.html#returning-a-view-versus-a-copy
  df_total[col_name] = df_total[col_name].astype('str').apply(md5_hash)
/lustre/orion/stf019/proj-shared/Ahmad-Darshan/driverpayloadmethod/darshan_archival_storage_app_cmdline.py:34: SettingWithCopyWarning: 
A value is trying to be set on a copy of a slice from a DataFrame.
Try using .loc[row_indexer,col_indexer] = value instead

See the caveats in the documentation: https://pandas.pydata.org/pandas-docs/stable/user_guide/indexing.html#returning-a-view-versus-a-copy
  df_total[col_name] = df_total[col_name].astype('str').apply(md5_hash)
/lustre/orion/stf019/proj-shared/Ahmad-Darshan/driverpayloadmethod/darshan_archival_storage_app_cmdline.py:34: SettingWithCopyWarning: 
A value is trying to be set on a copy of a slice from a DataFrame.
Try using .loc[row_indexer,col_indexer] = value instead

See the caveats in the documentation: https://pandas.pydata.org/pandas-docs/stable/user_guide/indexing.html#returning-a-view-versus-a-copy
  df_total[col_name] = df_total[col_name].astype('str').apply(md5_hash)
/lustre/orion/stf019/proj-shared/Ahmad-Darshan/driverpayloadmethod/darshan_archival_storage_app_cmdline.py:34: SettingWithCopyWarning: 
A value is trying to be set on a copy of a slice from a DataFrame.
Try using .loc[row_indexer,col_indexer] = value instead

See the caveats in the documentation: https://pandas.pydata.org/pandas-docs/stable/user_guide/indexing.html#returning-a-view-versus-a-copy
  df_total[col_name] = df_total[col_name].astype('str').apply(md5_hash)
/lustre/orion/stf019/proj-shared/Ahmad-Darshan/driverpayloadmethod/darshan_archival_storage_app_cmdline.py:34: SettingWithCopyWarning: 
A value is trying to be set on a copy of a slice from a DataFrame.
Try using .loc[row_indexer,col_indexer] = value instead

See the caveats in the documentation: https://pandas.pydata.org/pandas-docs/stable/user_guide/indexing.html#returning-a-view-versus-a-copy
  df_total[col_name] = df_total[col_name].astype('str').apply(md5_hash)
/lustre/orion/stf019/proj-shared/Ahmad-Darshan/driverpayloadmethod/darshan_archival_storage_app_cmdline.py:34: SettingWithCopyWarning: 
A value is trying to be set on a copy of a slice from a DataFrame.
Try using .loc[row_indexer,col_indexer] = value instead

See the caveats in the documentation: https://pandas.pydata.org/pandas-docs/stable/user_guide/indexing.html#returning-a-view-versus-a-copy
  df_total[col_name] = df_total[col_name].astype('str').apply(md5_hash)
/lustre/orion/stf019/proj-shared/Ahmad-Darshan/driverpayloadmethod/darshan_archival_storage_app_cmdline.py:34: SettingWithCopyWarning: 
A value is trying to be set on a copy of a slice from a DataFrame.
Try using .loc[row_indexer,col_indexer] = value instead

See the caveats in the documentation: https://pandas.pydata.org/pandas-docs/stable/user_guide/indexing.html#returning-a-view-versus-a-copy
  df_total[col_name] = df_total[col_name].astype('str').apply(md5_hash)
/lustre/orion/stf019/proj-shared/Ahmad-Darshan/driverpayloadmethod/darshan_archival_storage_app_cmdline.py:34: SettingWithCopyWarning: 
A value is trying to be set on a copy of a slice from a DataFrame.
Try using .loc[row_indexer,col_indexer] = value instead

See the caveats in the documentation: https://pandas.pydata.org/pandas-docs/stable/user_guide/indexing.html#returning-a-view-versus-a-copy
  df_total[col_name] = df_total[col_name].astype('str').apply(md5_hash)
/lustre/orion/stf019/proj-shared/Ahmad-Darshan/driverpayloadmethod/darshan_archival_storage_app_cmdline.py:34: SettingWithCopyWarning: 
A value is trying to be set on a copy of a slice from a DataFrame.
Try using .loc[row_indexer,col_indexer] = value instead

See the caveats in the documentation: https://pandas.pydata.org/pandas-docs/stable/user_guide/indexing.html#returning-a-view-versus-a-copy
  df_total[col_name] = df_total[col_name].astype('str').apply(md5_hash)
/lustre/orion/stf019/proj-shared/Ahmad-Darshan/driverpayloadmethod/darshan_archival_storage_app_cmdline.py:34: SettingWithCopyWarning: 
A value is trying to be set on a copy of a slice from a DataFrame.
Try using .loc[row_indexer,col_indexer] = value instead

See the caveats in the documentation: https://pandas.pydata.org/pandas-docs/stable/user_guide/indexing.html#returning-a-view-versus-a-copy
  df_total[col_name] = df_total[col_name].astype('str').apply(md5_hash)
/lustre/orion/stf019/proj-shared/Ahmad-Darshan/driverpayloadmethod/darshan_archival_storage_app_cmdline.py:34: SettingWithCopyWarning: 
A value is trying to be set on a copy of a slice from a DataFrame.
Try using .loc[row_indexer,col_indexer] = value instead

See the caveats in the documentation: https://pandas.pydata.org/pandas-docs/stable/user_guide/indexing.html#returning-a-view-versus-a-copy
  df_total[col_name] = df_total[col_name].astype('str').apply(md5_hash)
/lustre/orion/stf019/proj-shared/Ahmad-Darshan/driverpayloadmethod/darshan_archival_storage_app_cmdline.py:34: SettingWithCopyWarning: 
A value is trying to be set on a copy of a slice from a DataFrame.
Try using .loc[row_indexer,col_indexer] = value instead

See the caveats in the documentation: https://pandas.pydata.org/pandas-docs/stable/user_guide/indexing.html#returning-a-view-versus-a-copy
  df_total[col_name] = df_total[col_name].astype('str').apply(md5_hash)
/lustre/orion/stf019/proj-shared/Ahmad-Darshan/driverpayloadmethod/darshan_archival_storage_app_cmdline.py:34: SettingWithCopyWarning: 
A value is trying to be set on a copy of a slice from a DataFrame.
Try using .loc[row_indexer,col_indexer] = value instead

See the caveats in the documentation: https://pandas.pydata.org/pandas-docs/stable/user_guide/indexing.html#returning-a-view-versus-a-copy
  df_total[col_name] = df_total[col_name].astype('str').apply(md5_hash)
/lustre/orion/stf019/proj-shared/Ahmad-Darshan/driverpayloadmethod/darshan_archival_storage_app_cmdline.py:34: SettingWithCopyWarning: 
A value is trying to be set on a copy of a slice from a DataFrame.
Try using .loc[row_indexer,col_indexer] = value instead

See the caveats in the documentation: https://pandas.pydata.org/pandas-docs/stable/user_guide/indexing.html#returning-a-view-versus-a-copy
  df_total[col_name] = df_total[col_name].astype('str').apply(md5_hash)
/lustre/orion/stf019/proj-shared/Ahmad-Darshan/driverpayloadmethod/darshan_archival_storage_app_cmdline.py:34: SettingWithCopyWarning: 
A value is trying to be set on a copy of a slice from a DataFrame.
Try using .loc[row_indexer,col_indexer] = value instead

See the caveats in the documentation: https://pandas.pydata.org/pandas-docs/stable/user_guide/indexing.html#returning-a-view-versus-a-copy
  df_total[col_name] = df_total[col_name].astype('str').apply(md5_hash)
/lustre/orion/stf019/proj-shared/Ahmad-Darshan/driverpayloadmethod/darshan_archival_storage_app_cmdline.py:34: SettingWithCopyWarning: 
A value is trying to be set on a copy of a slice from a DataFrame.
Try using .loc[row_indexer,col_indexer] = value instead

See the caveats in the documentation: https://pandas.pydata.org/pandas-docs/stable/user_guide/indexing.html#returning-a-view-versus-a-copy
  df_total[col_name] = df_total[col_name].astype('str').apply(md5_hash)
/lustre/orion/stf019/proj-shared/Ahmad-Darshan/driverpayloadmethod/darshan_archival_storage_app_cmdline.py:34: SettingWithCopyWarning: 
A value is trying to be set on a copy of a slice from a DataFrame.
Try using .loc[row_indexer,col_indexer] = value instead

See the caveats in the documentation: https://pandas.pydata.org/pandas-docs/stable/user_guide/indexing.html#returning-a-view-versus-a-copy
  df_total[col_name] = df_total[col_name].astype('str').apply(md5_hash)
srun: Job step aborted: Waiting up to 32 seconds for job step to finish.
slurmstepd: error: *** STEP 1811370.0 ON frontier05497 CANCELLED AT 2024-03-29T03:33:26 DUE TO TIME LIMIT ***
slurmstepd: error: *** JOB 1811370 ON frontier05497 CANCELLED AT 2024-03-29T03:33:26 DUE TO TIME LIMIT ***
